<?xml version="1.0" encoding="UTF-8"?>
<testsuite name="com.larry.fc.finalproject.core.DomainCreateTest" tests="1" skipped="0" failures="0" errors="0" timestamp="2021-12-14T08:11:40" hostname="yongar1204ui-MacBookPro.local" time="0.011">
  <properties/>
  <testcase name="eventCreate()" classname="com.larry.fc.finalproject.core.DomainCreateTest" time="0.011"/>
  <system-out><![CDATA[]]></system-out>
  <system-err><![CDATA[]]></system-err>
</testsuite>
