<?xml version="1.0" encoding="UTF-8"?>
<testsuite name="com.larry.fc.finalproject.core.util.BCryptEncryptorTest" tests="1" skipped="0" failures="0" errors="0" timestamp="2021-12-16T06:14:26" hostname="yongar1204ui-MacBookPro.local" time="0.235">
  <properties/>
  <testcase name="test()" classname="com.larry.fc.finalproject.core.util.BCryptEncryptorTest" time="0.235"/>
  <system-out><![CDATA[]]></system-out>
  <system-err><![CDATA[]]></system-err>
</testsuite>
